  [종민곤] 항상 배고픈 지렁이 (최종 소스코드).cpp
C:\Users\82108\Desktop\컴퓨터그래픽스 최종 제출\2. 소스\[종민곤] 항상 배고픈 지렁이 (최종 소스코드)\[종민곤] 항상 배고픈 지렁이 (최종 소스코드).cpp(36,20): warning C4305: '초기화 중': 'double'에서 'float'(으)로 잘립니다.
C:\Users\82108\Desktop\컴퓨터그래픽스 최종 제출\2. 소스\[종민곤] 항상 배고픈 지렁이 (최종 소스코드)\[종민곤] 항상 배고픈 지렁이 (최종 소스코드).cpp(36,58): warning C4305: '초기화 중': 'double'에서 'float'(으)로 잘립니다.
C:\Users\82108\Desktop\컴퓨터그래픽스 최종 제출\2. 소스\[종민곤] 항상 배고픈 지렁이 (최종 소스코드)\[종민곤] 항상 배고픈 지렁이 (최종 소스코드).cpp(60,18): warning C4244: '인수': 'int'에서 'GLfloat'(으)로 변환하면서 데이터가 손실될 수 있습니다.
C:\Users\82108\Desktop\컴퓨터그래픽스 최종 제출\2. 소스\[종민곤] 항상 배고픈 지렁이 (최종 소스코드)\[종민곤] 항상 배고픈 지렁이 (최종 소스코드).cpp(60,15): warning C4244: '인수': 'int'에서 'GLfloat'(으)로 변환하면서 데이터가 손실될 수 있습니다.
C:\Users\82108\Desktop\컴퓨터그래픽스 최종 제출\2. 소스\[종민곤] 항상 배고픈 지렁이 (최종 소스코드)\[종민곤] 항상 배고픈 지렁이 (최종 소스코드).cpp(72,18): warning C4244: '인수': 'int'에서 'GLfloat'(으)로 변환하면서 데이터가 손실될 수 있습니다.
C:\Users\82108\Desktop\컴퓨터그래픽스 최종 제출\2. 소스\[종민곤] 항상 배고픈 지렁이 (최종 소스코드)\[종민곤] 항상 배고픈 지렁이 (최종 소스코드).cpp(72,15): warning C4244: '인수': 'int'에서 'GLfloat'(으)로 변환하면서 데이터가 손실될 수 있습니다.
C:\Users\82108\Desktop\컴퓨터그래픽스 최종 제출\2. 소스\[종민곤] 항상 배고픈 지렁이 (최종 소스코드)\[종민곤] 항상 배고픈 지렁이 (최종 소스코드).cpp(101,30): warning C4305: '인수': 'double'에서 'GLfloat'(으)로 잘립니다.
C:\Users\82108\Desktop\컴퓨터그래픽스 최종 제출\2. 소스\[종민곤] 항상 배고픈 지렁이 (최종 소스코드)\[종민곤] 항상 배고픈 지렁이 (최종 소스코드).cpp(104,29): warning C4305: '인수': 'double'에서 'GLfloat'(으)로 잘립니다.
C:\Users\82108\Desktop\컴퓨터그래픽스 최종 제출\2. 소스\[종민곤] 항상 배고픈 지렁이 (최종 소스코드)\[종민곤] 항상 배고픈 지렁이 (최종 소스코드).cpp(112,18): warning C4244: '인수': 'int'에서 'GLfloat'(으)로 변환하면서 데이터가 손실될 수 있습니다.
C:\Users\82108\Desktop\컴퓨터그래픽스 최종 제출\2. 소스\[종민곤] 항상 배고픈 지렁이 (최종 소스코드)\[종민곤] 항상 배고픈 지렁이 (최종 소스코드).cpp(112,15): warning C4244: '인수': 'int'에서 'GLfloat'(으)로 변환하면서 데이터가 손실될 수 있습니다.
C:\Users\82108\Desktop\컴퓨터그래픽스 최종 제출\2. 소스\[종민곤] 항상 배고픈 지렁이 (최종 소스코드)\[종민곤] 항상 배고픈 지렁이 (최종 소스코드).cpp(134,25): warning C4305: '인수': 'double'에서 'GLfloat'(으)로 잘립니다.
C:\Users\82108\Desktop\컴퓨터그래픽스 최종 제출\2. 소스\[종민곤] 항상 배고픈 지렁이 (최종 소스코드)\[종민곤] 항상 배고픈 지렁이 (최종 소스코드).cpp(141,18): warning C4244: '인수': 'int'에서 'GLfloat'(으)로 변환하면서 데이터가 손실될 수 있습니다.
C:\Users\82108\Desktop\컴퓨터그래픽스 최종 제출\2. 소스\[종민곤] 항상 배고픈 지렁이 (최종 소스코드)\[종민곤] 항상 배고픈 지렁이 (최종 소스코드).cpp(141,15): warning C4244: '인수': 'int'에서 'GLfloat'(으)로 변환하면서 데이터가 손실될 수 있습니다.
C:\Users\82108\Desktop\컴퓨터그래픽스 최종 제출\2. 소스\[종민곤] 항상 배고픈 지렁이 (최종 소스코드)\[종민곤] 항상 배고픈 지렁이 (최종 소스코드).cpp(147,25): warning C4305: '인수': 'double'에서 'GLfloat'(으)로 잘립니다.
C:\Users\82108\Desktop\컴퓨터그래픽스 최종 제출\2. 소스\[종민곤] 항상 배고픈 지렁이 (최종 소스코드)\[종민곤] 항상 배고픈 지렁이 (최종 소스코드).cpp(158,35): warning C4305: '=': 'double'에서 'float'(으)로 잘립니다.
C:\Users\82108\Desktop\컴퓨터그래픽스 최종 제출\2. 소스\[종민곤] 항상 배고픈 지렁이 (최종 소스코드)\[종민곤] 항상 배고픈 지렁이 (최종 소스코드).cpp(159,35): warning C4305: '=': 'double'에서 'float'(으)로 잘립니다.
C:\Users\82108\Desktop\컴퓨터그래픽스 최종 제출\2. 소스\[종민곤] 항상 배고픈 지렁이 (최종 소스코드)\[종민곤] 항상 배고픈 지렁이 (최종 소스코드).cpp(167,25): warning C4305: '인수': 'double'에서 'GLfloat'(으)로 잘립니다.
C:\Users\82108\Desktop\컴퓨터그래픽스 최종 제출\2. 소스\[종민곤] 항상 배고픈 지렁이 (최종 소스코드)\[종민곤] 항상 배고픈 지렁이 (최종 소스코드).cpp(176,21): warning C4305: '인수': 'double'에서 'GLfloat'(으)로 잘립니다.
C:\Users\82108\Desktop\컴퓨터그래픽스 최종 제출\2. 소스\[종민곤] 항상 배고픈 지렁이 (최종 소스코드)\[종민곤] 항상 배고픈 지렁이 (최종 소스코드).cpp(183,21): warning C4305: '인수': 'double'에서 'GLfloat'(으)로 잘립니다.
C:\Users\82108\Desktop\컴퓨터그래픽스 최종 제출\2. 소스\[종민곤] 항상 배고픈 지렁이 (최종 소스코드)\[종민곤] 항상 배고픈 지렁이 (최종 소스코드).cpp(191,21): warning C4305: '인수': 'double'에서 'GLfloat'(으)로 잘립니다.
C:\Users\82108\Desktop\컴퓨터그래픽스 최종 제출\2. 소스\[종민곤] 항상 배고픈 지렁이 (최종 소스코드)\[종민곤] 항상 배고픈 지렁이 (최종 소스코드).cpp(203,15): warning C4305: '=': 'double'에서 'float'(으)로 잘립니다.
C:\Users\82108\Desktop\컴퓨터그래픽스 최종 제출\2. 소스\[종민곤] 항상 배고픈 지렁이 (최종 소스코드)\[종민곤] 항상 배고픈 지렁이 (최종 소스코드).cpp(215,44): warning C4244: '인수': 'int'에서 'GLfloat'(으)로 변환하면서 데이터가 손실될 수 있습니다.
C:\Users\82108\Desktop\컴퓨터그래픽스 최종 제출\2. 소스\[종민곤] 항상 배고픈 지렁이 (최종 소스코드)\[종민곤] 항상 배고픈 지렁이 (최종 소스코드).cpp(215,15): warning C4244: '인수': 'int'에서 'GLfloat'(으)로 변환하면서 데이터가 손실될 수 있습니다.
C:\Users\82108\Desktop\컴퓨터그래픽스 최종 제출\2. 소스\[종민곤] 항상 배고픈 지렁이 (최종 소스코드)\[종민곤] 항상 배고픈 지렁이 (최종 소스코드).cpp(225,66): warning C4244: '인수': 'float'에서 'int'(으)로 변환하면서 데이터가 손실될 수 있습니다.
C:\Users\82108\Desktop\컴퓨터그래픽스 최종 제출\2. 소스\[종민곤] 항상 배고픈 지렁이 (최종 소스코드)\[종민곤] 항상 배고픈 지렁이 (최종 소스코드).cpp(225,43): warning C4244: '인수': 'float'에서 'int'(으)로 변환하면서 데이터가 손실될 수 있습니다.
C:\Users\82108\Desktop\컴퓨터그래픽스 최종 제출\2. 소스\[종민곤] 항상 배고픈 지렁이 (최종 소스코드)\[종민곤] 항상 배고픈 지렁이 (최종 소스코드).cpp(227,65): warning C4244: '인수': 'float'에서 'int'(으)로 변환하면서 데이터가 손실될 수 있습니다.
C:\Users\82108\Desktop\컴퓨터그래픽스 최종 제출\2. 소스\[종민곤] 항상 배고픈 지렁이 (최종 소스코드)\[종민곤] 항상 배고픈 지렁이 (최종 소스코드).cpp(227,42): warning C4244: '인수': 'float'에서 'int'(으)로 변환하면서 데이터가 손실될 수 있습니다.
C:\Users\82108\Desktop\컴퓨터그래픽스 최종 제출\2. 소스\[종민곤] 항상 배고픈 지렁이 (최종 소스코드)\[종민곤] 항상 배고픈 지렁이 (최종 소스코드).cpp(253,11): warning C4244: '=': 'double'에서 'int'(으)로 변환하면서 데이터가 손실될 수 있습니다.
C:\Users\82108\Desktop\컴퓨터그래픽스 최종 제출\2. 소스\[종민곤] 항상 배고픈 지렁이 (최종 소스코드)\[종민곤] 항상 배고픈 지렁이 (최종 소스코드).cpp(254,11): warning C4244: '=': 'double'에서 'int'(으)로 변환하면서 데이터가 손실될 수 있습니다.
C:\Users\82108\Desktop\컴퓨터그래픽스 최종 제출\2. 소스\[종민곤] 항상 배고픈 지렁이 (최종 소스코드)\[종민곤] 항상 배고픈 지렁이 (최종 소스코드).cpp(258,13): warning C4244: '=': 'double'에서 'int'(으)로 변환하면서 데이터가 손실될 수 있습니다.
C:\Users\82108\Desktop\컴퓨터그래픽스 최종 제출\2. 소스\[종민곤] 항상 배고픈 지렁이 (최종 소스코드)\[종민곤] 항상 배고픈 지렁이 (최종 소스코드).cpp(262,12): warning C4244: '=': 'double'에서 'int'(으)로 변환하면서 데이터가 손실될 수 있습니다.
C:\Users\82108\Desktop\컴퓨터그래픽스 최종 제출\2. 소스\[종민곤] 항상 배고픈 지렁이 (최종 소스코드)\[종민곤] 항상 배고픈 지렁이 (최종 소스코드).cpp(266,13): warning C4244: '=': 'double'에서 'int'(으)로 변환하면서 데이터가 손실될 수 있습니다.
C:\Users\82108\Desktop\컴퓨터그래픽스 최종 제출\2. 소스\[종민곤] 항상 배고픈 지렁이 (최종 소스코드)\[종민곤] 항상 배고픈 지렁이 (최종 소스코드).cpp(270,12): warning C4244: '=': 'double'에서 'int'(으)로 변환하면서 데이터가 손실될 수 있습니다.
C:\Users\82108\Desktop\컴퓨터그래픽스 최종 제출\2. 소스\[종민곤] 항상 배고픈 지렁이 (최종 소스코드)\[종민곤] 항상 배고픈 지렁이 (최종 소스코드).cpp(285,30): warning C4305: '=': 'double'에서 'float'(으)로 잘립니다.
C:\Users\82108\Desktop\컴퓨터그래픽스 최종 제출\2. 소스\[종민곤] 항상 배고픈 지렁이 (최종 소스코드)\[종민곤] 항상 배고픈 지렁이 (최종 소스코드).cpp(286,28): warning C4305: '=': 'double'에서 'float'(으)로 잘립니다.
C:\Users\82108\Desktop\컴퓨터그래픽스 최종 제출\2. 소스\[종민곤] 항상 배고픈 지렁이 (최종 소스코드)\[종민곤] 항상 배고픈 지렁이 (최종 소스코드).cpp(292,8): warning C4244: '인수': 'double'에서 'DWORD'(으)로 변환하면서 데이터가 손실될 수 있습니다.
C:\Users\82108\Desktop\컴퓨터그래픽스 최종 제출\2. 소스\[종민곤] 항상 배고픈 지렁이 (최종 소스코드)\[종민곤] 항상 배고픈 지렁이 (최종 소스코드).cpp(305,31): warning C4244: '/=': 'double'에서 'int'(으)로 변환하면서 데이터가 손실될 수 있습니다.
C:\Users\82108\Desktop\컴퓨터그래픽스 최종 제출\2. 소스\[종민곤] 항상 배고픈 지렁이 (최종 소스코드)\[종민곤] 항상 배고픈 지렁이 (최종 소스코드).cpp(314,36): warning C4244: '인수': 'int'에서 'float'(으)로 변환하면서 데이터가 손실될 수 있습니다.
C:\Users\82108\Desktop\컴퓨터그래픽스 최종 제출\2. 소스\[종민곤] 항상 배고픈 지렁이 (최종 소스코드)\[종민곤] 항상 배고픈 지렁이 (최종 소스코드).cpp(314,29): warning C4244: '인수': 'int'에서 'float'(으)로 변환하면서 데이터가 손실될 수 있습니다.
C:\Users\82108\Desktop\컴퓨터그래픽스 최종 제출\2. 소스\[종민곤] 항상 배고픈 지렁이 (최종 소스코드)\[종민곤] 항상 배고픈 지렁이 (최종 소스코드).cpp(323,10): warning C4244: '인수': 'double'에서 'DWORD'(으)로 변환하면서 데이터가 손실될 수 있습니다.
C:\Users\82108\Desktop\컴퓨터그래픽스 최종 제출\2. 소스\[종민곤] 항상 배고픈 지렁이 (최종 소스코드)\[종민곤] 항상 배고픈 지렁이 (최종 소스코드).cpp(327,8): warning C4244: '인수': 'double'에서 'DWORD'(으)로 변환하면서 데이터가 손실될 수 있습니다.
C:\Users\82108\Desktop\컴퓨터그래픽스 최종 제출\2. 소스\[종민곤] 항상 배고픈 지렁이 (최종 소스코드)\[종민곤] 항상 배고픈 지렁이 (최종 소스코드).cpp(364,38): warning C4305: '=': 'double'에서 'float'(으)로 잘립니다.
C:\Users\82108\Desktop\컴퓨터그래픽스 최종 제출\2. 소스\[종민곤] 항상 배고픈 지렁이 (최종 소스코드)\[종민곤] 항상 배고픈 지렁이 (최종 소스코드).cpp(392,33): warning C4305: '인수': 'double'에서 'GLclampf'(으)로 잘립니다.
  [종민곤] 항상 배고픈 지렁이 (최종 소스코드).vcxproj -> C:\Users\82108\Desktop\컴퓨터그래픽스 최종 제출\2. 소스\[종민곤] 항상 배고픈 지렁이 (최종 소스코드)\x64\Debug\[종민곤] 항상 배고픈 지렁이 (최종 소스코드).exe
